<?xml version="1.0" encoding="UTF-8"?>
<testng-results skipped="0" failed="0" ignored="0" total="1" passed="1">
  <reporter-output>
  </reporter-output>
  <suite name="Default suite" duration-ms="2416" started-at="2018-03-26T07:36:02Z" finished-at="2018-03-26T07:36:04Z">
    <groups>
    </groups>
    <test name="Default test" duration-ms="2416" started-at="2018-03-26T07:36:02Z" finished-at="2018-03-26T07:36:04Z">
      <class name="pkg1.RestApiTesting">
        <test-method status="PASS" signature="webserviceValidation()[pri:0, instance:pkg1.RestApiTesting@48eff760]" name="webserviceValidation" duration-ms="2384" started-at="2018-03-26T13:06:02Z" finished-at="2018-03-26T13:06:04Z">
          <reporter-output>
          </reporter-output>
        </test-method> <!-- webserviceValidation -->
      </class> <!-- pkg1.RestApiTesting -->
    </test> <!-- Default test -->
  </suite> <!-- Default suite -->
</testng-results>
